# JRE version: OpenJDK Runtime Environment (11.0.2+9) (build 11.0.2+9)
# Java VM: OpenJDK 64-Bit Server VM (11.0.2+9, mixed mode, tiered, compressed oops, g1 gc, windows-amd64)
Heap:
 garbage-first heap   total 274432K, used 202042K [0x0000000080c00000, 0x0000000100000000)
  region size 1024K, 9 young (9216K), 1 survivors (1024K)
 Metaspace       used 77182K, capacity 80728K, committed 81648K, reserved 1120256K
  class space    used 9373K, capacity 10793K, committed 11124K, reserved 1048576K
GC Heap History (10 events):
Event: 2949.159 GC heap after
{Heap after GC invocations=497 (full 0):
 garbage-first heap   total 274432K, used 209408K [0x0000000080c00000, 0x0000000100000000)
  region size 1024K, 3 young (3072K), 3 survivors (3072K)
 Metaspace       used 77177K, capacity 80728K, committed 81648K, reserved 1120256K
  class space    used 9373K, capacity 10793K, committed 11124K, reserved 1048576K
}
Event: 2949.240 GC heap before
{Heap before GC invocations=497 (full 0):
 garbage-first heap   total 274432K, used 219648K [0x0000000080c00000, 0x0000000100000000)
  region size 1024K, 13 young (13312K), 3 survivors (3072K)
 Metaspace       used 77177K, capacity 80728K, committed 81648K, reserved 1120256K
  class space    used 9373K, capacity 10793K, committed 11124K, reserved 1048576K
}
Event: 2949.245 GC heap after
{Heap after GC invocations=498 (full 0):
 garbage-first heap   total 274432K, used 187254K [0x0000000080c00000, 0x0000000100000000)
  region size 1024K, 2 young (2048K), 2 survivors (2048K)
 Metaspace       used 77177K, capacity 80728K, committed 81648K, reserved 1120256K
  class space    used 9373K, capacity 10793K, committed 11124K, reserved 1048576K
}
Event: 2949.269 GC heap before
{Heap before GC invocations=498 (full 0):
 garbage-first heap   total 274432K, used 198518K [0x0000000080c00000, 0x0000000100000000)
  region size 1024K, 13 young (13312K), 2 survivors (2048K)
 Metaspace       used 77177K, capacity 80728K, committed 81648K, reserved 1120256K
  class space    used 9373K, capacity 10793K, committed 11124K, reserved 1048576K
}
Event: 2949.274 GC heap after
{Heap after GC invocations=499 (full 0):
 garbage-first heap   total 274432K, used 184129K [0x0000000080c00000, 0x0000000100000000)
  region size 1024K, 1 young (1024K), 1 survivors (1024K)
 Metaspace       used 77177K, capacity 80728K, committed 81648K, reserved 1120256K
  class space    used 9373K, capacity 10793K, committed 11124K, reserved 1048576K
}
Event: 2951.524 GC heap before
{Heap before GC invocations=499 (full 0):
 garbage-first heap   total 274432K, used 215873K [0x0000000080c00000, 0x0000000100000000)
  region size 1024K, 33 young (33792K), 1 survivors (1024K)
 Metaspace       used 77177K, capacity 80728K, committed 81648K, reserved 1120256K
  class space    used 9373K, capacity 10793K, committed 11124K, reserved 1048576K
}
Event: 2951.527 GC heap after
{Heap after GC invocations=500 (full 0):
 garbage-first heap   total 274432K, used 194765K [0x0000000080c00000, 0x0000000100000000)
  region size 1024K, 5 young (5120K), 5 survivors (5120K)
 Metaspace       used 77177K, capacity 80728K, committed 81648K, reserved 1120256K
  class space    used 9373K, capacity 10793K, committed 11124K, reserved 1048576K
}
Event: 2951.856 GC heap before
{Heap before GC invocations=501 (full 0):
 garbage-first heap   total 274432K, used 213197K [0x0000000080c00000, 0x0000000100000000)
  region size 1024K, 33 young (33792K), 5 survivors (5120K)
 Metaspace       used 77177K, capacity 80728K, committed 81648K, reserved 1120256K
  class space    used 9373K, capacity 10793K, committed 11124K, reserved 1048576K
}
Event: 2951.862 GC heap after
{Heap after GC invocations=502 (full 0):
 garbage-first heap   total 274432K, used 193850K [0x0000000080c00000, 0x0000000100000000)
  region size 1024K, 5 young (5120K), 5 survivors (5120K)
 Metaspace       used 77177K, capacity 80728K, committed 81648K, reserved 1120256K
  class space    used 9373K, capacity 10793K, committed 11124K, reserved 1048576K
}
Event: 2952.352 GC heap before
{Heap before GC invocations=502 (full 0):
 garbage-first heap   total 274432K, used 201018K [0x0000000080c00000, 0x0000000100000000)
  region size 1024K, 13 young (13312K), 5 survivors (5120K)
 Metaspace       used 77182K, capacity 80728K, committed 81648K, reserved 1120256K
  class space    used 9373K, capacity 10793K, committed 11124K, reserved 1048576K
}

